2010.11.19 09:21 B D:\wwwPHP\WEBS\RESOURCES\HTMLtoPDFinPHP\dompdf-0.5.1\include\abstract_renderer.cls.php --> ftp.parentesys.com /www/RESOURCES/HTMLtoPDFinPHP/dompdf-0.5.1/include abstract_renderer.cls.php
2010.11.19 09:21 B D:\wwwPHP\WEBS\RESOURCES\HTMLtoPDFinPHP\dompdf-0.5.1\include\attribute_translator.cls.php --> ftp.parentesys.com /www/RESOURCES/HTMLtoPDFinPHP/dompdf-0.5.1/include attribute_translator.cls.php
2010.11.19 09:21 B D:\wwwPHP\WEBS\RESOURCES\HTMLtoPDFinPHP\dompdf-0.5.1\include\block_frame_decorator.cls.php --> ftp.parentesys.com /www/RESOURCES/HTMLtoPDFinPHP/dompdf-0.5.1/include block_frame_decorator.cls.php
2010.11.19 09:21 B D:\wwwPHP\WEBS\RESOURCES\HTMLtoPDFinPHP\dompdf-0.5.1\include\block_frame_reflower.cls.php --> ftp.parentesys.com /www/RESOURCES/HTMLtoPDFinPHP/dompdf-0.5.1/include block_frame_reflower.cls.php
2010.11.19 09:21 B D:\wwwPHP\WEBS\RESOURCES\HTMLtoPDFinPHP\dompdf-0.5.1\include\block_positioner.cls.php --> ftp.parentesys.com /www/RESOURCES/HTMLtoPDFinPHP/dompdf-0.5.1/include block_positioner.cls.php
2010.11.19 09:21 B D:\wwwPHP\WEBS\RESOURCES\HTMLtoPDFinPHP\dompdf-0.5.1\include\block_renderer.cls.php --> ftp.parentesys.com /www/RESOURCES/HTMLtoPDFinPHP/dompdf-0.5.1/include block_renderer.cls.php
2010.11.19 09:21 B D:\wwwPHP\WEBS\RESOURCES\HTMLtoPDFinPHP\dompdf-0.5.1\include\cached_pdf_decorator.cls.php --> ftp.parentesys.com /www/RESOURCES/HTMLtoPDFinPHP/dompdf-0.5.1/include cached_pdf_decorator.cls.php
2010.11.19 09:21 B D:\wwwPHP\WEBS\RESOURCES\HTMLtoPDFinPHP\dompdf-0.5.1\include\canvas.cls.php --> ftp.parentesys.com /www/RESOURCES/HTMLtoPDFinPHP/dompdf-0.5.1/include canvas.cls.php
2010.11.19 09:21 B D:\wwwPHP\WEBS\RESOURCES\HTMLtoPDFinPHP\dompdf-0.5.1\include\canvas_factory.cls.php --> ftp.parentesys.com /www/RESOURCES/HTMLtoPDFinPHP/dompdf-0.5.1/include canvas_factory.cls.php
2010.11.19 09:21 B D:\wwwPHP\WEBS\RESOURCES\HTMLtoPDFinPHP\dompdf-0.5.1\include\cellmap.cls.php --> ftp.parentesys.com /www/RESOURCES/HTMLtoPDFinPHP/dompdf-0.5.1/include cellmap.cls.php
2010.11.19 09:21 B D:\wwwPHP\WEBS\RESOURCES\HTMLtoPDFinPHP\dompdf-0.5.1\include\cpdf_adapter.cls.php --> ftp.parentesys.com /www/RESOURCES/HTMLtoPDFinPHP/dompdf-0.5.1/include cpdf_adapter.cls.php
2010.11.19 09:21 B D:\wwwPHP\WEBS\RESOURCES\HTMLtoPDFinPHP\dompdf-0.5.1\include\dompdf.cls.php --> ftp.parentesys.com /www/RESOURCES/HTMLtoPDFinPHP/dompdf-0.5.1/include dompdf.cls.php
2010.11.19 09:21 B D:\wwwPHP\WEBS\RESOURCES\HTMLtoPDFinPHP\dompdf-0.5.1\include\dompdf_exception.cls.php --> ftp.parentesys.com /www/RESOURCES/HTMLtoPDFinPHP/dompdf-0.5.1/include dompdf_exception.cls.php
2010.11.19 09:21 B D:\wwwPHP\WEBS\RESOURCES\HTMLtoPDFinPHP\dompdf-0.5.1\include\dompdf_internal_exception.cls.php --> ftp.parentesys.com /www/RESOURCES/HTMLtoPDFinPHP/dompdf-0.5.1/include dompdf_internal_exception.cls.php
2010.11.19 09:21 B D:\wwwPHP\WEBS\RESOURCES\HTMLtoPDFinPHP\dompdf-0.5.1\include\font_metrics.cls.php --> ftp.parentesys.com /www/RESOURCES/HTMLtoPDFinPHP/dompdf-0.5.1/include font_metrics.cls.php
2010.11.19 09:21 B D:\wwwPHP\WEBS\RESOURCES\HTMLtoPDFinPHP\dompdf-0.5.1\include\frame.cls.php --> ftp.parentesys.com /www/RESOURCES/HTMLtoPDFinPHP/dompdf-0.5.1/include frame.cls.php
2010.11.19 09:21 B D:\wwwPHP\WEBS\RESOURCES\HTMLtoPDFinPHP\dompdf-0.5.1\include\frame_decorator.cls.php --> ftp.parentesys.com /www/RESOURCES/HTMLtoPDFinPHP/dompdf-0.5.1/include frame_decorator.cls.php
2010.11.19 09:21 B D:\wwwPHP\WEBS\RESOURCES\HTMLtoPDFinPHP\dompdf-0.5.1\include\frame_factory.cls.php --> ftp.parentesys.com /www/RESOURCES/HTMLtoPDFinPHP/dompdf-0.5.1/include frame_factory.cls.php
2010.11.19 09:21 B D:\wwwPHP\WEBS\RESOURCES\HTMLtoPDFinPHP\dompdf-0.5.1\include\frame_reflower.cls.php --> ftp.parentesys.com /www/RESOURCES/HTMLtoPDFinPHP/dompdf-0.5.1/include frame_reflower.cls.php
2010.11.19 09:21 B D:\wwwPHP\WEBS\RESOURCES\HTMLtoPDFinPHP\dompdf-0.5.1\include\frame_tree.cls.php --> ftp.parentesys.com /www/RESOURCES/HTMLtoPDFinPHP/dompdf-0.5.1/include frame_tree.cls.php
2010.11.19 09:21 B D:\wwwPHP\WEBS\RESOURCES\HTMLtoPDFinPHP\dompdf-0.5.1\include\functions.inc.php --> ftp.parentesys.com /www/RESOURCES/HTMLtoPDFinPHP/dompdf-0.5.1/include functions.inc.php
2010.11.19 09:21 B D:\wwwPHP\WEBS\RESOURCES\HTMLtoPDFinPHP\dompdf-0.5.1\include\gd_adapter.cls.php --> ftp.parentesys.com /www/RESOURCES/HTMLtoPDFinPHP/dompdf-0.5.1/include gd_adapter.cls.php
2010.11.19 09:21 B D:\wwwPHP\WEBS\RESOURCES\HTMLtoPDFinPHP\dompdf-0.5.1\include\generated_frame_reflower.cls.php --> ftp.parentesys.com /www/RESOURCES/HTMLtoPDFinPHP/dompdf-0.5.1/include generated_frame_reflower.cls.php
2010.11.19 09:21 B D:\wwwPHP\WEBS\RESOURCES\HTMLtoPDFinPHP\dompdf-0.5.1\include\image_cache.cls.php --> ftp.parentesys.com /www/RESOURCES/HTMLtoPDFinPHP/dompdf-0.5.1/include image_cache.cls.php
2010.11.19 09:21 B D:\wwwPHP\WEBS\RESOURCES\HTMLtoPDFinPHP\dompdf-0.5.1\include\image_frame_decorator.cls.php --> ftp.parentesys.com /www/RESOURCES/HTMLtoPDFinPHP/dompdf-0.5.1/include image_frame_decorator.cls.php
2010.11.19 09:21 B D:\wwwPHP\WEBS\RESOURCES\HTMLtoPDFinPHP\dompdf-0.5.1\include\image_frame_reflower.cls.php --> ftp.parentesys.com /www/RESOURCES/HTMLtoPDFinPHP/dompdf-0.5.1/include image_frame_reflower.cls.php
2010.11.19 09:21 B D:\wwwPHP\WEBS\RESOURCES\HTMLtoPDFinPHP\dompdf-0.5.1\include\image_renderer.cls.php --> ftp.parentesys.com /www/RESOURCES/HTMLtoPDFinPHP/dompdf-0.5.1/include image_renderer.cls.php
2010.11.19 09:21 B D:\wwwPHP\WEBS\RESOURCES\HTMLtoPDFinPHP\dompdf-0.5.1\include\inline_frame_decorator.cls.php --> ftp.parentesys.com /www/RESOURCES/HTMLtoPDFinPHP/dompdf-0.5.1/include inline_frame_decorator.cls.php
2010.11.19 09:21 B D:\wwwPHP\WEBS\RESOURCES\HTMLtoPDFinPHP\dompdf-0.5.1\include\inline_frame_reflower.cls.php --> ftp.parentesys.com /www/RESOURCES/HTMLtoPDFinPHP/dompdf-0.5.1/include inline_frame_reflower.cls.php
2010.11.19 09:21 B D:\wwwPHP\WEBS\RESOURCES\HTMLtoPDFinPHP\dompdf-0.5.1\include\inline_positioner.cls.php --> ftp.parentesys.com /www/RESOURCES/HTMLtoPDFinPHP/dompdf-0.5.1/include inline_positioner.cls.php
2010.11.19 09:21 B D:\wwwPHP\WEBS\RESOURCES\HTMLtoPDFinPHP\dompdf-0.5.1\include\inline_renderer.cls.php --> ftp.parentesys.com /www/RESOURCES/HTMLtoPDFinPHP/dompdf-0.5.1/include inline_renderer.cls.php
2010.11.19 09:21 B D:\wwwPHP\WEBS\RESOURCES\HTMLtoPDFinPHP\dompdf-0.5.1\include\list_bullet_frame_decorator.cls.php --> ftp.parentesys.com /www/RESOURCES/HTMLtoPDFinPHP/dompdf-0.5.1/include list_bullet_frame_decorator.cls.php
2010.11.19 09:21 B D:\wwwPHP\WEBS\RESOURCES\HTMLtoPDFinPHP\dompdf-0.5.1\include\list_bullet_frame_reflower.cls.php --> ftp.parentesys.com /www/RESOURCES/HTMLtoPDFinPHP/dompdf-0.5.1/include list_bullet_frame_reflower.cls.php
2010.11.19 09:21 B D:\wwwPHP\WEBS\RESOURCES\HTMLtoPDFinPHP\dompdf-0.5.1\include\list_bullet_image_frame_decorator.cls.php --> ftp.parentesys.com /www/RESOURCES/HTMLtoPDFinPHP/dompdf-0.5.1/include list_bullet_image_frame_decorator.cls.php
2010.11.19 09:21 B D:\wwwPHP\WEBS\RESOURCES\HTMLtoPDFinPHP\dompdf-0.5.1\include\list_bullet_positioner.cls.php --> ftp.parentesys.com /www/RESOURCES/HTMLtoPDFinPHP/dompdf-0.5.1/include list_bullet_positioner.cls.php
2010.11.19 09:21 B D:\wwwPHP\WEBS\RESOURCES\HTMLtoPDFinPHP\dompdf-0.5.1\include\list_bullet_renderer.cls.php --> ftp.parentesys.com /www/RESOURCES/HTMLtoPDFinPHP/dompdf-0.5.1/include list_bullet_renderer.cls.php
2010.11.19 09:21 B D:\wwwPHP\WEBS\RESOURCES\HTMLtoPDFinPHP\dompdf-0.5.1\include\null_frame_decorator.cls.php --> ftp.parentesys.com /www/RESOURCES/HTMLtoPDFinPHP/dompdf-0.5.1/include null_frame_decorator.cls.php
2010.11.19 09:21 B D:\wwwPHP\WEBS\RESOURCES\HTMLtoPDFinPHP\dompdf-0.5.1\include\null_frame_reflower.cls.php --> ftp.parentesys.com /www/RESOURCES/HTMLtoPDFinPHP/dompdf-0.5.1/include null_frame_reflower.cls.php
2010.11.19 09:21 B D:\wwwPHP\WEBS\RESOURCES\HTMLtoPDFinPHP\dompdf-0.5.1\include\null_positioner.cls.php --> ftp.parentesys.com /www/RESOURCES/HTMLtoPDFinPHP/dompdf-0.5.1/include null_positioner.cls.php
2010.11.19 09:21 B D:\wwwPHP\WEBS\RESOURCES\HTMLtoPDFinPHP\dompdf-0.5.1\include\page_cache.cls.php --> ftp.parentesys.com /www/RESOURCES/HTMLtoPDFinPHP/dompdf-0.5.1/include page_cache.cls.php
2010.11.19 09:21 B D:\wwwPHP\WEBS\RESOURCES\HTMLtoPDFinPHP\dompdf-0.5.1\include\page_frame_decorator.cls.php --> ftp.parentesys.com /www/RESOURCES/HTMLtoPDFinPHP/dompdf-0.5.1/include page_frame_decorator.cls.php
2010.11.19 09:22 B D:\wwwPHP\WEBS\RESOURCES\HTMLtoPDFinPHP\dompdf-0.5.1\include\page_frame_reflower.cls.php --> ftp.parentesys.com /www/RESOURCES/HTMLtoPDFinPHP/dompdf-0.5.1/include page_frame_reflower.cls.php
2010.11.19 09:22 B D:\wwwPHP\WEBS\RESOURCES\HTMLtoPDFinPHP\dompdf-0.5.1\include\pdflib_adapter.cls.php --> ftp.parentesys.com /www/RESOURCES/HTMLtoPDFinPHP/dompdf-0.5.1/include pdflib_adapter.cls.php
2010.11.19 09:22 B D:\wwwPHP\WEBS\RESOURCES\HTMLtoPDFinPHP\dompdf-0.5.1\include\php_evaluator.cls.php --> ftp.parentesys.com /www/RESOURCES/HTMLtoPDFinPHP/dompdf-0.5.1/include php_evaluator.cls.php
2010.11.19 09:22 B D:\wwwPHP\WEBS\RESOURCES\HTMLtoPDFinPHP\dompdf-0.5.1\include\positioner.cls.php --> ftp.parentesys.com /www/RESOURCES/HTMLtoPDFinPHP/dompdf-0.5.1/include positioner.cls.php
2010.11.19 09:22 B D:\wwwPHP\WEBS\RESOURCES\HTMLtoPDFinPHP\dompdf-0.5.1\include\renderer.cls.php --> ftp.parentesys.com /www/RESOURCES/HTMLtoPDFinPHP/dompdf-0.5.1/include renderer.cls.php
2010.11.19 09:22 B D:\wwwPHP\WEBS\RESOURCES\HTMLtoPDFinPHP\dompdf-0.5.1\include\style.cls.php --> ftp.parentesys.com /www/RESOURCES/HTMLtoPDFinPHP/dompdf-0.5.1/include style.cls.php
2010.11.19 09:22 B D:\wwwPHP\WEBS\RESOURCES\HTMLtoPDFinPHP\dompdf-0.5.1\include\stylesheet.cls.php --> ftp.parentesys.com /www/RESOURCES/HTMLtoPDFinPHP/dompdf-0.5.1/include stylesheet.cls.php
2010.11.19 09:22 B D:\wwwPHP\WEBS\RESOURCES\HTMLtoPDFinPHP\dompdf-0.5.1\include\table_cell_frame_decorator.cls.php --> ftp.parentesys.com /www/RESOURCES/HTMLtoPDFinPHP/dompdf-0.5.1/include table_cell_frame_decorator.cls.php
2010.11.19 09:22 B D:\wwwPHP\WEBS\RESOURCES\HTMLtoPDFinPHP\dompdf-0.5.1\include\table_cell_frame_reflower.cls.php --> ftp.parentesys.com /www/RESOURCES/HTMLtoPDFinPHP/dompdf-0.5.1/include table_cell_frame_reflower.cls.php
2010.11.19 09:22 B D:\wwwPHP\WEBS\RESOURCES\HTMLtoPDFinPHP\dompdf-0.5.1\include\table_cell_positioner.cls.php --> ftp.parentesys.com /www/RESOURCES/HTMLtoPDFinPHP/dompdf-0.5.1/include table_cell_positioner.cls.php
2010.11.19 09:22 B D:\wwwPHP\WEBS\RESOURCES\HTMLtoPDFinPHP\dompdf-0.5.1\include\table_cell_renderer.cls.php --> ftp.parentesys.com /www/RESOURCES/HTMLtoPDFinPHP/dompdf-0.5.1/include table_cell_renderer.cls.php
2010.11.19 09:22 B D:\wwwPHP\WEBS\RESOURCES\HTMLtoPDFinPHP\dompdf-0.5.1\include\table_frame_decorator.cls.php --> ftp.parentesys.com /www/RESOURCES/HTMLtoPDFinPHP/dompdf-0.5.1/include table_frame_decorator.cls.php
2010.11.19 09:22 B D:\wwwPHP\WEBS\RESOURCES\HTMLtoPDFinPHP\dompdf-0.5.1\include\table_frame_reflower.cls.php --> ftp.parentesys.com /www/RESOURCES/HTMLtoPDFinPHP/dompdf-0.5.1/include table_frame_reflower.cls.php
2010.11.19 09:22 B D:\wwwPHP\WEBS\RESOURCES\HTMLtoPDFinPHP\dompdf-0.5.1\include\table_row_frame_decorator.cls.php --> ftp.parentesys.com /www/RESOURCES/HTMLtoPDFinPHP/dompdf-0.5.1/include table_row_frame_decorator.cls.php
2010.11.19 09:22 B D:\wwwPHP\WEBS\RESOURCES\HTMLtoPDFinPHP\dompdf-0.5.1\include\table_row_frame_reflower.cls.php --> ftp.parentesys.com /www/RESOURCES/HTMLtoPDFinPHP/dompdf-0.5.1/include table_row_frame_reflower.cls.php
2010.11.19 09:22 B D:\wwwPHP\WEBS\RESOURCES\HTMLtoPDFinPHP\dompdf-0.5.1\include\table_row_group_frame_decorator.cls.php --> ftp.parentesys.com /www/RESOURCES/HTMLtoPDFinPHP/dompdf-0.5.1/include table_row_group_frame_decorator.cls.php
2010.11.19 09:22 B D:\wwwPHP\WEBS\RESOURCES\HTMLtoPDFinPHP\dompdf-0.5.1\include\table_row_group_frame_reflower.cls.php --> ftp.parentesys.com /www/RESOURCES/HTMLtoPDFinPHP/dompdf-0.5.1/include table_row_group_frame_reflower.cls.php
2010.11.19 09:22 B D:\wwwPHP\WEBS\RESOURCES\HTMLtoPDFinPHP\dompdf-0.5.1\include\table_row_positioner.cls.php --> ftp.parentesys.com /www/RESOURCES/HTMLtoPDFinPHP/dompdf-0.5.1/include table_row_positioner.cls.php
2010.11.19 09:22 B D:\wwwPHP\WEBS\RESOURCES\HTMLtoPDFinPHP\dompdf-0.5.1\include\tcpdf_adapter.cls.php --> ftp.parentesys.com /www/RESOURCES/HTMLtoPDFinPHP/dompdf-0.5.1/include tcpdf_adapter.cls.php
2010.11.19 09:22 B D:\wwwPHP\WEBS\RESOURCES\HTMLtoPDFinPHP\dompdf-0.5.1\include\text_frame_decorator.cls.php --> ftp.parentesys.com /www/RESOURCES/HTMLtoPDFinPHP/dompdf-0.5.1/include text_frame_decorator.cls.php
2010.11.19 09:22 B D:\wwwPHP\WEBS\RESOURCES\HTMLtoPDFinPHP\dompdf-0.5.1\include\text_frame_reflower.cls.php --> ftp.parentesys.com /www/RESOURCES/HTMLtoPDFinPHP/dompdf-0.5.1/include text_frame_reflower.cls.php
2010.11.19 09:22 B D:\wwwPHP\WEBS\RESOURCES\HTMLtoPDFinPHP\dompdf-0.5.1\include\text_renderer.cls.php --> ftp.parentesys.com /www/RESOURCES/HTMLtoPDFinPHP/dompdf-0.5.1/include text_renderer.cls.php
