2010.11.19 09:23 B D:\wwwPHP\WEBS\RESOURCES\HTMLtoPDFinPHP\dompdf-0.5.1\www\images\arrow_01.gif --> ftp.parentesys.com /www/RESOURCES/HTMLtoPDFinPHP/dompdf-0.5.1/www/images arrow_01.gif
2010.11.19 09:23 B D:\wwwPHP\WEBS\RESOURCES\HTMLtoPDFinPHP\dompdf-0.5.1\www\images\arrow_02.gif --> ftp.parentesys.com /www/RESOURCES/HTMLtoPDFinPHP/dompdf-0.5.1/www/images arrow_02.gif
2010.11.19 09:23 B D:\wwwPHP\WEBS\RESOURCES\HTMLtoPDFinPHP\dompdf-0.5.1\www\images\arrow_03.gif --> ftp.parentesys.com /www/RESOURCES/HTMLtoPDFinPHP/dompdf-0.5.1/www/images arrow_03.gif
2010.11.19 09:23 B D:\wwwPHP\WEBS\RESOURCES\HTMLtoPDFinPHP\dompdf-0.5.1\www\images\arrow_04.gif --> ftp.parentesys.com /www/RESOURCES/HTMLtoPDFinPHP/dompdf-0.5.1/www/images arrow_04.gif
2010.11.19 09:23 B D:\wwwPHP\WEBS\RESOURCES\HTMLtoPDFinPHP\dompdf-0.5.1\www\images\arrow_05.gif --> ftp.parentesys.com /www/RESOURCES/HTMLtoPDFinPHP/dompdf-0.5.1/www/images arrow_05.gif
2010.11.19 09:23 B D:\wwwPHP\WEBS\RESOURCES\HTMLtoPDFinPHP\dompdf-0.5.1\www\images\arrow_06.gif --> ftp.parentesys.com /www/RESOURCES/HTMLtoPDFinPHP/dompdf-0.5.1/www/images arrow_06.gif
2010.11.19 09:23 B D:\wwwPHP\WEBS\RESOURCES\HTMLtoPDFinPHP\dompdf-0.5.1\www\images\css2.png --> ftp.parentesys.com /www/RESOURCES/HTMLtoPDFinPHP/dompdf-0.5.1/www/images css2.png
2010.11.19 09:23 B D:\wwwPHP\WEBS\RESOURCES\HTMLtoPDFinPHP\dompdf-0.5.1\www\images\dompdf_simple.png --> ftp.parentesys.com /www/RESOURCES/HTMLtoPDFinPHP/dompdf-0.5.1/www/images dompdf_simple.png
2010.11.19 09:23 B D:\wwwPHP\WEBS\RESOURCES\HTMLtoPDFinPHP\dompdf-0.5.1\www\images\favicon.ico --> ftp.parentesys.com /www/RESOURCES/HTMLtoPDFinPHP/dompdf-0.5.1/www/images favicon.ico
2010.11.19 09:23 B D:\wwwPHP\WEBS\RESOURCES\HTMLtoPDFinPHP\dompdf-0.5.1\www\images\favicon.png --> ftp.parentesys.com /www/RESOURCES/HTMLtoPDFinPHP/dompdf-0.5.1/www/images favicon.png
2010.11.19 09:23 B D:\wwwPHP\WEBS\RESOURCES\HTMLtoPDFinPHP\dompdf-0.5.1\www\images\h_bar.gif --> ftp.parentesys.com /www/RESOURCES/HTMLtoPDFinPHP/dompdf-0.5.1/www/images h_bar.gif
2010.11.19 09:23 B D:\wwwPHP\WEBS\RESOURCES\HTMLtoPDFinPHP\dompdf-0.5.1\www\images\left_arrow.gif --> ftp.parentesys.com /www/RESOURCES/HTMLtoPDFinPHP/dompdf-0.5.1/www/images left_arrow.gif
2010.11.19 09:23 B D:\wwwPHP\WEBS\RESOURCES\HTMLtoPDFinPHP\dompdf-0.5.1\www\images\logo.png --> ftp.parentesys.com /www/RESOURCES/HTMLtoPDFinPHP/dompdf-0.5.1/www/images logo.png
2010.11.19 09:23 B D:\wwwPHP\WEBS\RESOURCES\HTMLtoPDFinPHP\dompdf-0.5.1\www\images\php5-power-micro.png --> ftp.parentesys.com /www/RESOURCES/HTMLtoPDFinPHP/dompdf-0.5.1/www/images php5-power-micro.png
2010.11.19 09:23 B D:\wwwPHP\WEBS\RESOURCES\HTMLtoPDFinPHP\dompdf-0.5.1\www\images\small_logo.png --> ftp.parentesys.com /www/RESOURCES/HTMLtoPDFinPHP/dompdf-0.5.1/www/images small_logo.png
2010.11.19 09:23 B D:\wwwPHP\WEBS\RESOURCES\HTMLtoPDFinPHP\dompdf-0.5.1\www\images\star_01.gif --> ftp.parentesys.com /www/RESOURCES/HTMLtoPDFinPHP/dompdf-0.5.1/www/images star_01.gif
2010.11.19 09:23 B D:\wwwPHP\WEBS\RESOURCES\HTMLtoPDFinPHP\dompdf-0.5.1\www\images\star_02.gif --> ftp.parentesys.com /www/RESOURCES/HTMLtoPDFinPHP/dompdf-0.5.1/www/images star_02.gif
2010.11.19 09:23 B D:\wwwPHP\WEBS\RESOURCES\HTMLtoPDFinPHP\dompdf-0.5.1\www\images\star_03.gif --> ftp.parentesys.com /www/RESOURCES/HTMLtoPDFinPHP/dompdf-0.5.1/www/images star_03.gif
2010.11.19 09:23 B D:\wwwPHP\WEBS\RESOURCES\HTMLtoPDFinPHP\dompdf-0.5.1\www\images\star_04.gif --> ftp.parentesys.com /www/RESOURCES/HTMLtoPDFinPHP/dompdf-0.5.1/www/images star_04.gif
2010.11.19 09:23 B D:\wwwPHP\WEBS\RESOURCES\HTMLtoPDFinPHP\dompdf-0.5.1\www\images\star_05.gif --> ftp.parentesys.com /www/RESOURCES/HTMLtoPDFinPHP/dompdf-0.5.1/www/images star_05.gif
2010.11.19 09:23 B D:\wwwPHP\WEBS\RESOURCES\HTMLtoPDFinPHP\dompdf-0.5.1\www\images\title.gif --> ftp.parentesys.com /www/RESOURCES/HTMLtoPDFinPHP/dompdf-0.5.1/www/images title.gif
2010.11.19 09:23 B D:\wwwPHP\WEBS\RESOURCES\HTMLtoPDFinPHP\dompdf-0.5.1\www\images\v_bar.gif --> ftp.parentesys.com /www/RESOURCES/HTMLtoPDFinPHP/dompdf-0.5.1/www/images v_bar.gif
2010.11.19 09:23 B D:\wwwPHP\WEBS\RESOURCES\HTMLtoPDFinPHP\dompdf-0.5.1\www\images\xhtml10.png --> ftp.parentesys.com /www/RESOURCES/HTMLtoPDFinPHP/dompdf-0.5.1/www/images xhtml10.png
